<?xml version="1.0" encoding="UTF-8"?>
<!-- Generated by org.testng.reporters.JUnitReportReporter -->
<testsuite hostname="suba-pc" failures="0" tests="2" name="hrm_TestRunner.Runner" time="0.177" errors="2" timestamp="2023-08-01T23:51:26 EDT" skipped="0">
  <testcase classname="hrm_TestRunner.Runner" name="runScenario" time="0.141">
    <error message="Cannot invoke &quot;String.equals(Object)&quot; because &quot;browser&quot; is null" type="java.lang.NullPointerException">
      <![CDATA[java.lang.NullPointerException: Cannot invoke "String.equals(Object)" because "browser" is null
at hrm_DriverFactory.DriverFactory.init_driver(DriverFactory.java:23)
at hooks.Hooks.launchBrowser(Hooks.java:39)
]]>
    </error>
  </testcase> <!-- runScenario -->
  <system-out/>
  <testcase classname="hrm_TestRunner.Runner" name="runScenario" time="0.036">
    <error message="Cannot invoke &quot;String.equals(Object)&quot; because &quot;browser&quot; is null" type="java.lang.NullPointerException">
      <![CDATA[java.lang.NullPointerException: Cannot invoke "String.equals(Object)" because "browser" is null
at hrm_DriverFactory.DriverFactory.init_driver(DriverFactory.java:23)
at hooks.Hooks.launchBrowser(Hooks.java:39)
]]>
    </error>
  </testcase> <!-- runScenario -->
  <system-out/>
</testsuite> <!-- hrm_TestRunner.Runner -->
